<?xml version="1.0" encoding="UTF-8"?>
<!-- Generated by org.testng.reporters.JUnitReportReporter -->
<testsuite hostname="Balajis-MacBook-Pro.local" failures="0" tests="1" name="tests.Test1" time="7.352" errors="0" timestamp="2024-01-04T17:20:12 CST" skipped="0">
  <testcase classname="tests.Test1" name="getAuthorDetails" time="7.352"/>
  <system-out/>
</testsuite> <!-- tests.Test1 -->
