<?xml version="1.0" encoding="UTF-8"?>
<!-- Generated by org.testng.reporters.JUnitReportReporter -->
<testsuite hostname="Balajis-MacBook-Pro.local" failures="0" tests="1" name="standalone.Standalone" time="9.281" errors="0" timestamp="2024-01-04T15:36:27 CST" skipped="0">
  <testcase classname="standalone.Standalone" name="test" time="9.281"/>
  <system-out/>
</testsuite> <!-- standalone.Standalone -->
